This is pdfTeX, Version 3.14159265-2.6-1.40.18 (MiKTeX 2.9.6350 64-bit) (preloaded format=pdflatex 2019.10.11)  5 NOV 2019 17:08
entering extended mode
**"D:/Data Alit/Kuliah/SEMESTER V/PROYEK ALIT/LaporanAlit-Proyek3/main.tex"
("D:/Data Alit/Kuliah/SEMESTER V/PROYEK ALIT/LaporanAlit-Proyek3/main.tex"
LaTeX2e <2017-04-15>
Babel <3.10> and hyphenation patterns for 75 language(s) loaded.

("D:/Data Alit/Kuliah/SEMESTER V/PROYEK ALIT/LaporanAlit-Proyek3\ociamthesis.cl
s"
Document Class: ociamthesis 2010/11/22 v2.2 OCIAM thesis class
("C:\Users\alitf\AppData\Local\Programs\MiKTeX 2.9\tex\latex\base\report.cls"
Document Class: report 2014/09/29 v1.4h Standard LaTeX document class
("C:\Users\alitf\AppData\Local\Programs\MiKTeX 2.9\tex\latex\base\size12.clo"
File: size12.clo 2014/09/29 v1.4h Standard LaTeX file (size option)
)
\c@part=\count79
\c@chapter=\count80
\c@section=\count81
\c@subsection=\count82
\c@subsubsection=\count83
\c@paragraph=\count84
\c@subparagraph=\count85
\c@figure=\count86
\c@table=\count87
\abovecaptionskip=\skip41
\belowcaptionskip=\skip42
\bibindent=\dimen102
)
("C:\Users\alitf\AppData\Local\Programs\MiKTeX 2.9\tex\latex\graphics\graphicx.
sty"
Package: graphicx 2014/10/28 v1.0g Enhanced LaTeX Graphics (DPC,SPQR)

("C:\Users\alitf\AppData\Local\Programs\MiKTeX 2.9\tex\latex\graphics\keyval.st
y"
Package: keyval 2014/10/28 v1.15 key=value parser (DPC)
\KV@toks@=\toks14
)
("C:\Users\alitf\AppData\Local\Programs\MiKTeX 2.9\tex\latex\graphics\graphics.
sty"
Package: graphics 2017/04/14 v1.1b Standard LaTeX Graphics (DPC,SPQR)

("C:\Users\alitf\AppData\Local\Programs\MiKTeX 2.9\tex\latex\graphics\trig.sty"
Package: trig 2016/01/03 v1.10 sin cos tan (DPC)
)
("C:\Users\alitf\AppData\Local\Programs\MiKTeX 2.9\tex\latex\graphics-cfg\graph
ics.cfg"
File: graphics.cfg 2016/06/04 v1.11 sample graphics configuration
)
Package graphics Info: Driver file: pdftex.def on input line 99.

("C:\Users\alitf\AppData\Local\Programs\MiKTeX 2.9\tex\latex\graphics-def\pdfte
x.def"
File: pdftex.def 2017/01/12 v0.06k Graphics/color for pdfTeX

("C:\Users\alitf\AppData\Local\Programs\MiKTeX 2.9\tex\generic\oberdiek\infware
rr.sty"
Package: infwarerr 2016/05/16 v1.4 Providing info/warning/error messages (HO)
)
("C:\Users\alitf\AppData\Local\Programs\MiKTeX 2.9\tex\generic\oberdiek\ltxcmds
.sty"
Package: ltxcmds 2016/05/16 v1.23 LaTeX kernel commands for general use (HO)
)
\Gread@gobject=\count88
))
\Gin@req@height=\dimen103
\Gin@req@width=\dimen104
)
("C:\Users\alitf\AppData\Local\Programs\MiKTeX 2.9\tex\latex\base\ifthen.sty"
Package: ifthen 2014/09/29 v1.1c Standard LaTeX ifthen package (DPC)
))
("C:\Users\alitf\AppData\Local\Programs\MiKTeX 2.9\tex\latex\amsfonts\amssymb.s
ty"
Package: amssymb 2013/01/14 v3.01 AMS font symbols

("C:\Users\alitf\AppData\Local\Programs\MiKTeX 2.9\tex\latex\amsfonts\amsfonts.
sty"
Package: amsfonts 2013/01/14 v3.01 Basic AMSFonts support
\@emptytoks=\toks15
\symAMSa=\mathgroup4
\symAMSb=\mathgroup5
LaTeX Font Info:    Overwriting math alphabet `\mathfrak' in version `bold'
(Font)                  U/euf/m/n --> U/euf/b/n on input line 106.
))
("C:\Users\alitf\AppData\Local\Programs\MiKTeX 2.9\tex\latex\caption\caption.st
y"
Package: caption 2019/09/01 v3.3d Customizing captions (AR)

("C:\Users\alitf\AppData\Local\Programs\MiKTeX 2.9\tex\latex\caption\caption3.s
ty"
Package: caption3 2019/09/01 v1.8d caption3 kernel (AR)
Package caption3 Info: TeX engine: e-TeX on input line 64.
\captionmargin=\dimen105
\captionmargin@=\dimen106
\captionwidth=\dimen107
\caption@tempdima=\dimen108
\caption@indent=\dimen109
\caption@parindent=\dimen110
\caption@hangindent=\dimen111
)
\c@caption@flags=\count89
\c@ContinuedFloat=\count90
)
("C:\Users\alitf\AppData\Local\Programs\MiKTeX 2.9\tex\latex\multirow\multirow.
sty"
Package: multirow 2016/11/25 v2.2 Span multiple rows of a table
\multirow@colwidth=\skip43
\multirow@cntb=\count91
\multirow@dima=\skip44
\bigstrutjot=\dimen112
)
("C:\Users\alitf\AppData\Local\Programs\MiKTeX 2.9\tex\latex\listings\listings.
sty"
\lst@mode=\count92
\lst@gtempboxa=\box26
\lst@token=\toks16
\lst@length=\count93
\lst@currlwidth=\dimen113
\lst@column=\count94
\lst@pos=\count95
\lst@lostspace=\dimen114
\lst@width=\dimen115
\lst@newlines=\count96
\lst@lineno=\count97
\lst@maxwidth=\dimen116

("C:\Users\alitf\AppData\Local\Programs\MiKTeX 2.9\tex\latex\listings\lstmisc.s
ty"
File: lstmisc.sty 2019/09/10 1.8c (Carsten Heinz)
\c@lstnumber=\count98
\lst@skipnumbers=\count99
\lst@framebox=\box27
)
("C:\Users\alitf\AppData\Local\Programs\MiKTeX 2.9\tex\latex\listings\listings.
cfg"
File: listings.cfg 2019/09/10 1.8c listings configuration
))
Package: listings 2019/09/10 1.8c (Carsten Heinz)

("C:\Users\alitf\AppData\Local\Programs\MiKTeX 2.9\tex\latex\tools\longtable.st
y"
Package: longtable 2014/10/28 v4.11 Multi-page Table package (DPC)
\LTleft=\skip45
\LTright=\skip46
\LTpre=\skip47
\LTpost=\skip48
\LTchunksize=\count100
\LTcapwidth=\dimen117
\LT@head=\box28
\LT@firsthead=\box29
\LT@foot=\box30
\LT@lastfoot=\box31
\LT@cols=\count101
\LT@rows=\count102
\c@LT@tables=\count103
\c@LT@chunks=\count104
\LT@p@ftn=\toks17
)
No file main.aux.
\openout1 = `main.aux'.

LaTeX Font Info:    Checking defaults for OML/cmm/m/it on input line 31.
LaTeX Font Info:    ... okay on input line 31.
LaTeX Font Info:    Checking defaults for T1/cmr/m/n on input line 31.
LaTeX Font Info:    ... okay on input line 31.
LaTeX Font Info:    Checking defaults for OT1/cmr/m/n on input line 31.
LaTeX Font Info:    ... okay on input line 31.
LaTeX Font Info:    Checking defaults for OMS/cmsy/m/n on input line 31.
LaTeX Font Info:    ... okay on input line 31.
LaTeX Font Info:    Checking defaults for OMX/cmex/m/n on input line 31.
LaTeX Font Info:    ... okay on input line 31.
LaTeX Font Info:    Checking defaults for U/cmr/m/n on input line 31.
LaTeX Font Info:    ... okay on input line 31.

("C:\Users\alitf\AppData\Local\Programs\MiKTeX 2.9\tex\context\base\mkii\supp-p
df.mkii"
[Loading MPS to PDF converter (version 2006.09.02).]
\scratchcounter=\count105
\scratchdimen=\dimen118
\scratchbox=\box32
\nofMPsegments=\count106
\nofMParguments=\count107
\everyMPshowfont=\toks18
\MPscratchCnt=\count108
\MPscratchDim=\dimen119
\MPnumerator=\count109
\makeMPintoPDFobject=\count110
\everyMPtoPDFconversion=\toks19
)
("C:\Users\alitf\AppData\Local\Programs\MiKTeX 2.9\tex\generic\oberdiek\pdftexc
mds.sty"
Package: pdftexcmds 2017/03/19 v0.25 Utility functions of pdfTeX for LuaTeX (HO
)

("C:\Users\alitf\AppData\Local\Programs\MiKTeX 2.9\tex\generic\oberdiek\ifluate
x.sty"
Package: ifluatex 2016/05/16 v1.4 Provides the ifluatex switch (HO)
Package ifluatex Info: LuaTeX not detected.
)
("C:\Users\alitf\AppData\Local\Programs\MiKTeX 2.9\tex\generic\oberdiek\ifpdf.s
ty"
Package: ifpdf 2017/03/15 v3.2 Provides the ifpdf switch
)
Package pdftexcmds Info: LuaTeX not detected.
Package pdftexcmds Info: \pdf@primitive is available.
Package pdftexcmds Info: \pdf@ifprimitive is available.
Package pdftexcmds Info: \pdfdraftmode found.
)
("C:\Users\alitf\AppData\Local\Programs\MiKTeX 2.9\tex\latex\oberdiek\epstopdf-
base.sty"
Package: epstopdf-base 2016/05/15 v2.6 Base part for package epstopdf

("C:\Users\alitf\AppData\Local\Programs\MiKTeX 2.9\tex\latex\oberdiek\grfext.st
y"
Package: grfext 2016/05/16 v1.2 Manage graphics extensions (HO)

("C:\Users\alitf\AppData\Local\Programs\MiKTeX 2.9\tex\generic\oberdiek\kvdefin
ekeys.sty"
Package: kvdefinekeys 2016/05/16 v1.4 Define keys (HO)
))
("C:\Users\alitf\AppData\Local\Programs\MiKTeX 2.9\tex\latex\oberdiek\kvoptions
.sty"
Package: kvoptions 2016/05/16 v3.12 Key value format for package options (HO)

("C:\Users\alitf\AppData\Local\Programs\MiKTeX 2.9\tex\generic\oberdiek\kvsetke
ys.sty"
Package: kvsetkeys 2016/05/16 v1.17 Key value parser (HO)

("C:\Users\alitf\AppData\Local\Programs\MiKTeX 2.9\tex\generic\oberdiek\etexcmd
s.sty"
Package: etexcmds 2016/05/16 v1.6 Avoid name clashes with e-TeX commands (HO)
Package etexcmds Info: Could not find \expanded.
(etexcmds)             That can mean that you are not using pdfTeX 1.50 or
(etexcmds)             that some package has redefined \expanded.
(etexcmds)             In the latter case, load this package earlier.
)))
Package epstopdf-base Info: Redefining graphics rule for `.eps' on input line 4
38.
Package grfext Info: Graphics extension search list:
(grfext)             [.png,.pdf,.jpg,.mps,.jpeg,.jbig2,.jb2,.PNG,.PDF,.JPG,.JPE
G,.JBIG2,.JB2,.eps]
(grfext)             \AppendGraphicsExtensions on input line 456.
)
Package caption Info: Begin \AtBeginDocument code.
Package caption Info: listings package is loaded.
Package caption Info: longtable package is loaded.

("C:\Users\alitf\AppData\Local\Programs\MiKTeX 2.9\tex\latex\caption\ltcaption.
sty"
Package: ltcaption 2018/08/26 v1.4a longtable captions (AR)
)
Package caption Info: End \AtBeginDocument code.
\c@lstlisting=\count111
 <logo-poltekpos.png, id=1, 291.2481pt x 272.217pt>
File: logo-poltekpos.png Graphic file (type png)

<use logo-poltekpos.png>
Package pdftex.def Info: logo-poltekpos.png used on input line 41.
(pdftex.def)             Requested size: 91.04881pt x 85.10081pt.
 [1


{C:/Users/alitf/AppData/Local/MiKTeX/2.9/pdftex/config/pdftex.map} <D:/Data Ali
t/Kuliah/SEMESTER V/PROYEK ALIT/LaporanAlit-Proyek3/logo-poltekpos.png>]
\openout2 = `section/dedication.aux'.


("D:/Data Alit/Kuliah/SEMESTER V/PROYEK ALIT/LaporanAlit-Proyek3\section/dedica
tion.tex" [1



])
\openout2 = `section/pengesahan.aux'.


("D:/Data Alit/Kuliah/SEMESTER V/PROYEK ALIT/LaporanAlit-Proyek3\section/penges
ahan.tex"
! Undefined control sequence.
<argument> \undefinedpagestyle 
                               
l.2 \thispagestyle{}
                    
? 
<figures/logo-poltekpos.png, id=14, 291.2481pt x 272.217pt>
File: figures/logo-poltekpos.png Graphic file (type png)

<use figures/logo-poltekpos.png>
Package pdftex.def Info: figures/logo-poltekpos.png used on input line 6.
(pdftex.def)             Requested size: 91.04881pt x 85.10081pt.
LaTeX Font Info:    Try loading font information for U+msa on input line 18.

("C:\Users\alitf\AppData\Local\Programs\MiKTeX 2.9\tex\latex\amsfonts\umsa.fd"
File: umsa.fd 2013/01/14 v3.01 AMS symbols A
)
LaTeX Font Info:    Try loading font information for U+msb on input line 18.
("C:\Users\alitf\AppData\Local\Programs\MiKTeX 2.9\tex\latex\amsfonts\umsb.fd"
File: umsb.fd 2013/01/14 v3.01 AMS symbols B
)
Overfull \hbox (40.41298pt too wide) in paragraph at lines 18--36
[][] 
 []

[2



 <D:/Data Alit/Kuliah/SEMESTER V/PROYEK ALIT/LaporanAlit-Proyek3/figures/logo-p
oltekpos.png>])
\openout2 = `section/pernyataan.aux'.


("D:/Data Alit/Kuliah/SEMESTER V/PROYEK ALIT/LaporanAlit-Proyek3\section/pernya
taan.tex"
Overfull \hbox (77.88776pt too wide) in paragraph at lines 10--15
 [][] 
 []


Underfull \hbox (badness 10000) in paragraph at lines 17--21

 []

[3



])
\openout2 = `section/halaman.aux'.


("D:/Data Alit/Kuliah/SEMESTER V/PROYEK ALIT/LaporanAlit-Proyek3\section/halama
n.tex"
Missing character: There is no â in font cmti12!
Missing character: There is no € in font cmti12!
Missing character: There is no ™ in font cmti12!
Missing character: There is no â in font cmti12!
Missing character: There is no € in font cmti12!
Missing character: There is no ™ in font cmti12!

Underfull \hbox (badness 1067) in paragraph at lines 6--12
[]\OT1/cmr/m/n/12 Saya, nama Ma-hasiwa, NIM 1154008 meny-atakan den-gan sebenar
-
 []

[4



])
\openout2 = `section/abstrak.aux'.


("D:/Data Alit/Kuliah/SEMESTER V/PROYEK ALIT/LaporanAlit-Proyek3\section/abstra
k.tex" [5



])
\openout2 = `section/abstract.aux'.


("D:/Data Alit/Kuliah/SEMESTER V/PROYEK ALIT/LaporanAlit-Proyek3\section/abstra
ct.tex" [6



])
\openout2 = `section/acknowlegements.aux'.


("D:/Data Alit/Kuliah/SEMESTER V/PROYEK ALIT/LaporanAlit-Proyek3\section/acknow
legements.tex" [7



])
No file main.toc.
\tf@toc=\write3
\openout3 = `main.toc'.

[8


]
No file main.lof.
\tf@lof=\write4
\openout4 = `main.lof'.

[9

]
No file main.lot.
\tf@lot=\write5
\openout5 = `main.lot'.

[10

]
\openout2 = `section/simbol.aux'.


("D:/Data Alit/Kuliah/SEMESTER V/PROYEK ALIT/LaporanAlit-Proyek3\section/simbol
.tex" [11


])
\openout2 = `section/singkatan.aux'.


("D:/Data Alit/Kuliah/SEMESTER V/PROYEK ALIT/LaporanAlit-Proyek3\section/singka
tan.tex" [12



])
\openout2 = `section/chapter1.aux'.


("D:/Data Alit/Kuliah/SEMESTER V/PROYEK ALIT/LaporanAlit-Proyek3\section/chapte
r1.tex"
BAB I.

LaTeX Warning: Citation `grant2017sustainable' on page 1 undefined on input lin
e 6.


LaTeX Warning: Citation `mahendrawathi2015service' on page 1 undefined on input
 line 6.


LaTeX Warning: Citation `fernie2018logistics' on page 1 undefined on input line
 6.


LaTeX Warning: Citation `pane2019implementasi' on page 1 undefined on input lin
e 7.


LaTeX Warning: Citation `zhou2016warehouse' on page 1 undefined on input line 7
.


LaTeX Warning: Citation `khan2016privacy' on page 1 undefined on input line 7.


LaTeX Warning: Citation `pane2018qualitative' on page 1 undefined on input line
 7.


LaTeX Warning: Citation `awangga2018k' on page 1 undefined on input line 8.


Underfull \hbox (badness 10000) in paragraph at lines 9--10
\OT1/cmr/m/it/12 age-ment sys-tem\OT1/cmr/m/n/12 . 
 []


Underfull \hbox (badness 10000) in paragraph at lines 9--10

 []

[1




]) [2]
\openout2 = `section/chapter2.aux'.


("D:/Data Alit/Kuliah/SEMESTER V/PROYEK ALIT/LaporanAlit-Proyek3\section/chapte
r2.tex"
BAB II.
) [3



]
\openout2 = `section/chapter3.aux'.


("D:/Data Alit/Kuliah/SEMESTER V/PROYEK ALIT/LaporanAlit-Proyek3\section/chapte
r3.tex"
BAB III.
) [4



]
\openout2 = `section/chapter4.aux'.


("D:/Data Alit/Kuliah/SEMESTER V/PROYEK ALIT/LaporanAlit-Proyek3\section/chapte
r4.tex"
BAB IV.
) [5



]
\openout2 = `section/chapter5.aux'.


("D:/Data Alit/Kuliah/SEMESTER V/PROYEK ALIT/LaporanAlit-Proyek3\section/chapte
r5.tex"
BAB V.
) [6



]
\openout2 = `section/chapter6.aux'.


("D:/Data Alit/Kuliah/SEMESTER V/PROYEK ALIT/LaporanAlit-Proyek3\section/chapte
r6.tex"
BAB VI.
) [7



]
No file main.bbl.
\openout2 = `section/appendix1.aux'.


("D:/Data Alit/Kuliah/SEMESTER V/PROYEK ALIT/LaporanAlit-Proyek3\section/append
ix1.tex"
LAMPIRAN A.
) [8



]
\openout2 = `section/appendix2.aux'.


("D:/Data Alit/Kuliah/SEMESTER V/PROYEK ALIT/LaporanAlit-Proyek3\section/append
ix2.tex"
LAMPIRAN B.
) [9



] (main.aux (section/dedication.aux) (section/pengesahan.aux)
(section/pernyataan.aux) (section/halaman.aux) (section/abstrak.aux)
(section/abstract.aux) (section/acknowlegements.aux) (section/simbol.aux)
(section/singkatan.aux) (section/chapter1.aux) (section/chapter2.aux)
(section/chapter3.aux) (section/chapter4.aux) (section/chapter5.aux)
(section/chapter6.aux) (section/appendix1.aux) (section/appendix2.aux))

LaTeX Warning: There were undefined references.

 ) 
Here is how much of TeX's memory you used:
 4494 strings out of 493323
 71951 string characters out of 3130014
 127851 words of memory out of 3000000
 7903 multiletter control sequences out of 15000+200000
 13736 words of font info for 51 fonts, out of 3000000 for 9000
 1141 hyphenation exceptions out of 8191
 39i,13n,38p,1409b,381s stack positions out of 5000i,500n,10000p,200000b,50000s
<C:/Users/alitf/AppData/Local/Programs/MiKTeX 2.9/fonts/type1/public/amsfonts
/cm/cmbx10.pfb><C:/Users/alitf/AppData/Local/Programs/MiKTeX 2.9/fonts/type1/pu
blic/amsfonts/cm/cmbx12.pfb><C:/Users/alitf/AppData/Local/Programs/MiKTeX 2.9/f
onts/type1/public/amsfonts/cm/cmbxti10.pfb><C:/Users/alitf/AppData/Local/Progra
ms/MiKTeX 2.9/fonts/type1/public/amsfonts/cm/cmr12.pfb><C:/Users/alitf/AppData/
Local/Programs/MiKTeX 2.9/fonts/type1/public/amsfonts/cm/cmti12.pfb>
Output written on main.pdf (22 pages, 229154 bytes).
PDF statistics:
 98 PDF objects out of 1000 (max. 8388607)
 0 named destinations out of 1000 (max. 500000)
 11 words of extra memory for PDF output out of 10000 (max. 10000000)

